<?xml version="1.0" encoding="UTF-8"?>
<testng-results ignored="0" total="1" passed="1" failed="0" skipped="0">
  <reporter-output>
  </reporter-output>
  <suite started-at="2026-04-01T18:23:24 IST" name="API Suite" finished-at="2026-04-01T18:23:28 IST" duration-ms="3386">
    <groups>
    </groups>
    <test started-at="2026-04-01T18:23:24 IST" name="Booking Tests" finished-at="2026-04-01T18:23:28 IST" duration-ms="3386">
      <class name="com.sandesh.api.tests.BookingTest">
        <test-method is-config="true" signature="setup()[pri:0, instance:com.sandesh.api.tests.BookingTest@20deea7f]" started-at="2026-04-01T18:23:24 IST" name="setup" finished-at="2026-04-01T18:23:24 IST" duration-ms="273" status="PASS">
          <reporter-output>
          </reporter-output>
        </test-method> <!-- setup -->
        <test-method signature="getAllBookings()[pri:0, instance:com.sandesh.api.tests.BookingTest@20deea7f]" started-at="2026-04-01T18:23:24 IST" name="getAllBookings" finished-at="2026-04-01T18:23:28 IST" duration-ms="3096" status="PASS">
          <reporter-output>
          </reporter-output>
        </test-method> <!-- getAllBookings -->
      </class> <!-- com.sandesh.api.tests.BookingTest -->
    </test> <!-- Booking Tests -->
  </suite> <!-- API Suite -->
</testng-results>
