<?xml version="1.0" encoding="UTF-8"?>
<testsuite xmlns:xsi="http://www.w3.org/2001/XMLSchema-instance" xsi:noNamespaceSchemaLocation="https://maven.apache.org/surefire/maven-surefire-plugin/xsd/surefire-test-report-3.0.xsd" version="3.0" name="TestSuite" time="3.777" tests="1" errors="0" skipped="0" failures="0">
  <properties>
[...]
</properties>
  <testcase name="getAllBookings" classname="com.sandesh.api.tests.BookingTest" time="3.096">
    <system-out><![CDATA[HTTP/1.1 200 OK
Content-Length: 18060
Content-Type: application/json; charset=utf-8
Date: Wed, 01 Apr 2026 12:53:27 GMT
Etag: W/"468c-dMyjcFtzLIlOrk3KWwQ73lAGRhM"
Nel: {"report_to":"heroku-nel","response_headers":["Via"],"max_age":3600,"success_fraction":0.01,"failure_fraction":0.1}
Report-To: {"group":"heroku-nel","endpoints":[{"url":"https://nel.heroku.com/reports?s=jm2z8f2jw9obE7eiZJvEjRUM9c%2Bs61zlQ6hGE6oGHY0%3D\u0026sid=c46efe9b-d3d2-4a0c-8c76-bfafa16c5add\u0026ts=1775048007"}],"max_age":3600}
Reporting-Endpoints: heroku-nel="https://nel.heroku.com/reports?s=jm2z8f2jw9obE7eiZJvEjRUM9c%2Bs61zlQ6hGE6oGHY0%3D&sid=c46efe9b-d3d2-4a0c-8c76-bfafa16c5add&ts=1775048007"
Server: Heroku
Via: 1.1 heroku-router
X-Powered-By: Express

[
    {
        "bookingid": 1
    },
    {
        "bookingid": 2
    },
    {
        "bookingid": 3
    },
    {
        "bookingid": 4
    },
    {
        "bookingid": 5
    },
    {
        "bookingid": 6
    },
    {
        "bookingid": 7
    },
    {
        "bookingid": 8
    },
    {
        "bookingid": 9
    },
    {
        "bookingid": 10
    },
    {
        "bookingid": 11
    },
    {
        "bookingid": 12
    },
    {
        "bookingid": 13
    },
    {
        "bookingid": 14
    },
    {
        "bookingid": 15
    },
    {
        "bookingid": 16
    },
    {
        "bookingid": 17
    },
    {
        "bookingid": 18
    },
    {
        "bookingid": 19
    },
    {
        "bookingid": 20
    },
    {
        "bookingid": 21
    },
    {
        "bookingid": 22
    },
    {
        "bookingid": 23
    },
    {
        "bookingid": 24
    },
    {
        "bookingid": 25
    },
    {
        "bookingid": 26
    },
    {
        "bookingid": 28
    },
    {
        "bookingid": 29
    },
    {
        "bookingid": 30
    },
    {
        "bookingid": 31
    },
    {
        "bookingid": 32
    },
    {
        "bookingid": 33
    },
    {
        "bookingid": 35
    },
    {
        "bookingid": 36
    },
    {
        "bookingid": 37
    },
    {
        "bookingid": 38
    },
    {
        "bookingid": 39
    },
    {
        "bookingid": 40
    },
    {
        "bookingid": 42
    },
    {
        "bookingid": 43
    },
    {
        "bookingid": 44
    },
    {
        "bookingid": 45
    },
    {
        "bookingid": 46
    },
    {
        "bookingid": 47
    },
    {
        "bookingid": 48
    },
    {
        "bookingid": 49
    },
    {
        "bookingid": 50
    },
    {
        "bookingid": 51
    },
    {
        "bookingid": 52
    },
    {
        "bookingid": 53
    },
    {
        "bookingid": 55
    },
    {
        "bookingid": 56
    },
    {
        "bookingid": 57
    },
    {
        "bookingid": 58
    },
    {
        "bookingid": 59
    },
    {
        "bookingid": 60
    },
    {
        "bookingid": 61
    },
    {
        "bookingid": 62
    },
    {
        "bookingid": 63
    },
    {
        "bookingid": 65
    },
    {
        "bookingid": 66
    },
    {
        "bookingid": 67
    },
    {
        "bookingid": 68
    },
    {
        "bookingid": 69
    },
    {
        "bookingid": 70
    },
    {
        "bookingid": 72
    },
    {
        "bookingid": 73
    },
    {
        "bookingid": 74
    },
    {
        "bookingid": 75
    },
    {
        "bookingid": 77
    },
    {
        "bookingid": 78
    },
    {
        "bookingid": 79
    },
    {
        "bookingid": 80
    },
    {
        "bookingid": 82
    },
    {
        "bookingid": 83
    },
    {
        "bookingid": 84
    },
    {
        "bookingid": 85
    },
    {
        "bookingid": 86
    },
    {
        "bookingid": 88
    },
    {
        "bookingid": 89
    },
    {
        "bookingid": 90
    },
    {
        "bookingid": 91
    },
    {
        "bookingid": 92
    },
    {
        "bookingid": 93
    },
    {
        "bookingid": 95
    },
    {
        "bookingid": 96
    },
    {
        "bookingid": 97
    },
    {
        "bookingid": 98
    },
    {
        "bookingid": 99
    },
    {
        "bookingid": 100
    },
    {
        "bookingid": 101
    },
    {
        "bookingid": 103
    },
    {
        "bookingid": 104
    },
    {
        "bookingid": 105
    },
    {
        "bookingid": 106
    },
    {
        "bookingid": 108
    },
    {
        "bookingid": 109
    },
    {
        "bookingid": 110
    },
    {
        "bookingid": 111
    },
    {
        "bookingid": 114
    },
    {
        "bookingid": 115
    },
    {
        "bookingid": 116
    },
    {
        "bookingid": 117
    },
    {
        "bookingid": 118
    },
    {
        "bookingid": 119
    },
    {
        "bookingid": 121
    },
    {
        "bookingid": 122
    },
    {
        "bookingid": 123
    },
    {
        "bookingid": 124
    },
    {
        "bookingid": 126
    },
    {
        "bookingid": 127
    },
    {
        "bookingid": 128
    },
    {
        "bookingid": 130
    },
    {
        "bookingid": 131
    },
    {
        "bookingid": 133
    },
    {
        "bookingid": 134
    },
    {
        "bookingid": 135
    },
    {
        "bookingid": 136
    },
    {
        "bookingid": 139
    },
    {
        "bookingid": 140
    },
    {
        "bookingid": 141
    },
    {
        "bookingid": 143
    },
    {
        "bookingid": 144
    },
    {
        "bookingid": 146
    },
    {
        "bookingid": 148
    },
    {
        "bookingid": 149
    },
    {
        "bookingid": 151
    },
    {
        "bookingid": 152
    },
    {
        "bookingid": 153
    },
    {
        "bookingid": 154
    },
    {
        "bookingid": 155
    },
    {
        "bookingid": 156
    },
    {
        "bookingid": 159
    },
    {
        "bookingid": 160
    },
    {
        "bookingid": 162
    },
    {
        "bookingid": 164
    },
    {
        "bookingid": 165
    },
    {
        "bookingid": 166
    },
    {
        "bookingid": 168
    },
    {
        "bookingid": 169
    },
    {
        "bookingid": 171
    },
    {
        "bookingid": 172
    },
    {
        "bookingid": 173
    },
    {
        "bookingid": 174
    },
    {
        "bookingid": 175
    },
    {
        "bookingid": 179
    },
    {
        "bookingid": 180
    },
    {
        "bookingid": 181
    },
    {
        "bookingid": 183
    },
    {
        "bookingid": 185
    },
    {
        "bookingid": 186
    },
    {
        "bookingid": 187
    },
    {
        "bookingid": 188
    },
    {
        "bookingid": 191
    },
    {
        "bookingid": 192
    },
    {
        "bookingid": 194
    },
    {
        "bookingid": 195
    },
    {
        "bookingid": 196
    },
    {
        "bookingid": 198
    },
    {
        "bookingid": 199
    },
    {
        "bookingid": 200
    },
    {
        "bookingid": 201
    },
    {
        "bookingid": 203
    },
    {
        "bookingid": 204
    },
    {
        "bookingid": 207
    },
    {
        "bookingid": 208
    },
    {
        "bookingid": 209
    },
    {
        "bookingid": 211
    },
    {
        "bookingid": 212
    },
    {
        "bookingid": 214
    },
    {
        "bookingid": 215
    },
    {
        "bookingid": 216
    },
    {
        "bookingid": 217
    },
    {
        "bookingid": 219
    },
    {
        "bookingid": 220
    },
    {
        "bookingid": 222
    },
    {
        "bookingid": 223
    },
    {
        "bookingid": 224
    },
    {
        "bookingid": 226
    },
    {
        "bookingid": 228
    },
    {
        "bookingid": 229
    },
    {
        "bookingid": 230
    },
    {
        "bookingid": 231
    },
    {
        "bookingid": 234
    },
    {
        "bookingid": 235
    },
    {
        "bookingid": 236
    },
    {
        "bookingid": 238
    },
    {
        "bookingid": 239
    },
    {
        "bookingid": 241
    },
    {
        "bookingid": 242
    },
    {
        "bookingid": 243
    },
    {
        "bookingid": 244
    },
    {
        "bookingid": 247
    },
    {
        "bookingid": 248
    },
    {
        "bookingid": 250
    },
    {
        "bookingid": 251
    },
    {
        "bookingid": 252
    },
    {
        "bookingid": 253
    },
    {
        "bookingid": 254
    },
    {
        "bookingid": 256
    },
    {
        "bookingid": 258
    },
    {
        "bookingid": 260
    },
    {
        "bookingid": 261
    },
    {
        "bookingid": 262
    },
    {
        "bookingid": 265
    },
    {
        "bookingid": 266
    },
    {
        "bookingid": 267
    },
    {
        "bookingid": 268
    },
    {
        "bookingid": 271
    },
    {
        "bookingid": 272
    },
    {
        "bookingid": 274
    },
    {
        "bookingid": 275
    },
    {
        "bookingid": 276
    },
    {
        "bookingid": 278
    },
    {
        "bookingid": 279
    },
    {
        "bookingid": 280
    },
    {
        "bookingid": 282
    },
    {
        "bookingid": 283
    },
    {
        "bookingid": 284
    },
    {
        "bookingid": 287
    },
    {
        "bookingid": 288
    },
    {
        "bookingid": 290
    },
    {
        "bookingid": 291
    },
    {
        "bookingid": 292
    },
    {
        "bookingid": 293
    },
    {
        "bookingid": 294
    },
    {
        "bookingid": 295
    },
    {
        "bookingid": 296
    },
    {
        "bookingid": 299
    },
    {
        "bookingid": 300
    },
    {
        "bookingid": 302
    },
    {
        "bookingid": 303
    },
    {
        "bookingid": 304
    },
    {
        "bookingid": 305
    },
    {
        "bookingid": 308
    },
    {
        "bookingid": 309
    },
    {
        "bookingid": 310
    },
    {
        "bookingid": 311
    },
    {
        "bookingid": 314
    },
    {
        "bookingid": 315
    },
    {
        "bookingid": 317
    },
    {
        "bookingid": 318
    },
    {
        "bookingid": 320
    },
    {
        "bookingid": 321
    },
    {
        "bookingid": 322
    },
    {
        "bookingid": 323
    },
    {
        "bookingid": 325
    },
    {
        "bookingid": 327
    },
    {
        "bookingid": 328
    },
    {
        "bookingid": 329
    },
    {
        "bookingid": 330
    },
    {
        "bookingid": 333
    },
    {
        "bookingid": 334
    },
    {
        "bookingid": 335
    },
    {
        "bookingid": 336
    },
    {
        "bookingid": 339
    },
    {
        "bookingid": 340
    },
    {
        "bookingid": 341
    },
    {
        "bookingid": 342
    },
    {
        "bookingid": 343
    },
    {
        "bookingid": 346
    },
    {
        "bookingid": 348
    },
    {
        "bookingid": 349
    },
    {
        "bookingid": 350
    },
    {
        "bookingid": 351
    },
    {
        "bookingid": 354
    },
    {
        "bookingid": 355
    },
    {
        "bookingid": 356
    },
    {
        "bookingid": 357
    },
    {
        "bookingid": 360
    },
    {
        "bookingid": 361
    },
    {
        "bookingid": 362
    },
    {
        "bookingid": 363
    },
    {
        "bookingid": 366
    },
    {
        "bookingid": 367
    },
    {
        "bookingid": 369
    },
    {
        "bookingid": 370
    },
    {
        "bookingid": 371
    },
    {
        "bookingid": 372
    },
    {
        "bookingid": 375
    },
    {
        "bookingid": 376
    },
    {
        "bookingid": 377
    },
    {
        "bookingid": 378
    },
    {
        "bookingid": 379
    },
    {
        "bookingid": 380
    },
    {
        "bookingid": 383
    },
    {
        "bookingid": 384
    },
    {
        "bookingid": 385
    },
    {
        "bookingid": 386
    },
    {
        "bookingid": 387
    },
    {
        "bookingid": 388
    },
    {
        "bookingid": 390
    },
    {
        "bookingid": 392
    },
    {
        "bookingid": 393
    },
    {
        "bookingid": 395
    },
    {
        "bookingid": 396
    },
    {
        "bookingid": 398
    },
    {
        "bookingid": 399
    },
    {
        "bookingid": 400
    },
    {
        "bookingid": 401
    },
    {
        "bookingid": 404
    },
    {
        "bookingid": 405
    },
    {
        "bookingid": 407
    },
    {
        "bookingid": 408
    },
    {
        "bookingid": 410
    },
    {
        "bookingid": 411
    },
    {
        "bookingid": 412
    },
    {
        "bookingid": 413
    },
    {
        "bookingid": 415
    },
    {
        "bookingid": 417
    },
    {
        "bookingid": 418
    },
    {
        "bookingid": 420
    },
    {
        "bookingid": 421
    },
    {
        "bookingid": 422
    },
    {
        "bookingid": 423
    },
    {
        "bookingid": 424
    },
    {
        "bookingid": 426
    },
    {
        "bookingid": 429
    },
    {
        "bookingid": 430
    },
    {
        "bookingid": 431
    },
    {
        "bookingid": 433
    },
    {
        "bookingid": 435
    },
    {
        "bookingid": 436
    },
    {
        "bookingid": 437
    },
    {
        "bookingid": 439
    },
    {
        "bookingid": 441
    },
    {
        "bookingid": 442
    },
    {
        "bookingid": 443
    },
    {
        "bookingid": 444
    },
    {
        "bookingid": 447
    },
    {
        "bookingid": 448
    },
    {
        "bookingid": 450
    },
    {
        "bookingid": 451
    },
    {
        "bookingid": 452
    },
    {
        "bookingid": 453
    },
    {
        "bookingid": 454
    },
    {
        "bookingid": 457
    },
    {
        "bookingid": 459
    },
    {
        "bookingid": 460
    },
    {
        "bookingid": 461
    },
    {
        "bookingid": 462
    },
    {
        "bookingid": 464
    },
    {
        "bookingid": 465
    },
    {
        "bookingid": 467
    },
    {
        "bookingid": 468
    },
    {
        "bookingid": 469
    },
    {
        "bookingid": 470
    },
    {
        "bookingid": 472
    },
    {
        "bookingid": 473
    },
    {
        "bookingid": 475
    },
    {
        "bookingid": 476
    },
    {
        "bookingid": 477
    },
    {
        "bookingid": 479
    },
    {
        "bookingid": 481
    },
    {
        "bookingid": 482
    },
    {
        "bookingid": 483
    },
    {
        "bookingid": 484
    },
    {
        "bookingid": 487
    },
    {
        "bookingid": 488
    },
    {
        "bookingid": 490
    },
    {
        "bookingid": 491
    },
    {
        "bookingid": 493
    },
    {
        "bookingid": 494
    },
    {
        "bookingid": 495
    },
    {
        "bookingid": 496
    },
    {
        "bookingid": 499
    },
    {
        "bookingid": 500
    },
    {
        "bookingid": 501
    },
    {
        "bookingid": 503
    },
    {
        "bookingid": 505
    },
    {
        "bookingid": 506
    },
    {
        "bookingid": 507
    },
    {
        "bookingid": 508
    },
    {
        "bookingid": 509
    },
    {
        "bookingid": 511
    },
    {
        "bookingid": 514
    },
    {
        "bookingid": 515
    },
    {
        "bookingid": 516
    },
    {
        "bookingid": 517
    },
    {
        "bookingid": 518
    },
    {
        "bookingid": 521
    },
    {
        "bookingid": 522
    },
    {
        "bookingid": 523
    },
    {
        "bookingid": 524
    },
    {
        "bookingid": 527
    },
    {
        "bookingid": 528
    },
    {
        "bookingid": 529
    },
    {
        "bookingid": 530
    },
    {
        "bookingid": 533
    },
    {
        "bookingid": 534
    },
    {
        "bookingid": 535
    },
    {
        "bookingid": 536
    },
    {
        "bookingid": 539
    },
    {
        "bookingid": 540
    },
    {
        "bookingid": 541
    },
    {
        "bookingid": 543
    },
    {
        "bookingid": 544
    },
    {
        "bookingid": 546
    },
    {
        "bookingid": 547
    },
    {
        "bookingid": 549
    },
    {
        "bookingid": 551
    },
    {
        "bookingid": 552
    },
    {
        "bookingid": 553
    },
    {
        "bookingid": 554
    },
    {
        "bookingid": 556
    },
    {
        "bookingid": 557
    },
    {
        "bookingid": 559
    },
    {
        "bookingid": 560
    },
    {
        "bookingid": 561
    },
    {
        "bookingid": 563
    },
    {
        "bookingid": 564
    },
    {
        "bookingid": 565
    },
    {
        "bookingid": 566
    },
    {
        "bookingid": 568
    },
    {
        "bookingid": 569
    },
    {
        "bookingid": 570
    },
    {
        "bookingid": 571
    },
    {
        "bookingid": 574
    },
    {
        "bookingid": 575
    },
    {
        "bookingid": 576
    },
    {
        "bookingid": 577
    },
    {
        "bookingid": 580
    },
    {
        "bookingid": 581
    },
    {
        "bookingid": 583
    },
    {
        "bookingid": 584
    },
    {
        "bookingid": 586
    },
    {
        "bookingid": 587
    },
    {
        "bookingid": 588
    },
    {
        "bookingid": 590
    },
    {
        "bookingid": 591
    },
    {
        "bookingid": 593
    },
    {
        "bookingid": 596
    },
    {
        "bookingid": 597
    },
    {
        "bookingid": 598
    },
    {
        "bookingid": 599
    },
    {
        "bookingid": 602
    },
    {
        "bookingid": 603
    },
    {
        "bookingid": 604
    },
    {
        "bookingid": 605
    },
    {
        "bookingid": 606
    },
    {
        "bookingid": 607
    },
    {
        "bookingid": 611
    },
    {
        "bookingid": 612
    },
    {
        "bookingid": 613
    },
    {
        "bookingid": 614
    },
    {
        "bookingid": 615
    },
    {
        "bookingid": 618
    },
    {
        "bookingid": 619
    },
    {
        "bookingid": 621
    },
    {
        "bookingid": 622
    },
    {
        "bookingid": 624
    },
    {
        "bookingid": 625
    },
    {
        "bookingid": 626
    },
    {
        "bookingid": 628
    },
    {
        "bookingid": 629
    },
    {
        "bookingid": 631
    },
    {
        "bookingid": 632
    },
    {
        "bookingid": 633
    },
    {
        "bookingid": 636
    },
    {
        "bookingid": 637
    },
    {
        "bookingid": 638
    },
    {
        "bookingid": 639
    },
    {
        "bookingid": 640
    },
    {
        "bookingid": 641
    },
    {
        "bookingid": 644
    },
    {
        "bookingid": 645
    },
    {
        "bookingid": 646
    },
    {
        "bookingid": 648
    },
    {
        "bookingid": 649
    },
    {
        "bookingid": 651
    },
    {
        "bookingid": 652
    },
    {
        "bookingid": 653
    },
    {
        "bookingid": 654
    },
    {
        "bookingid": 655
    },
    {
        "bookingid": 658
    },
    {
        "bookingid": 659
    },
    {
        "bookingid": 660
    },
    {
        "bookingid": 662
    },
    {
        "bookingid": 664
    },
    {
        "bookingid": 665
    },
    {
        "bookingid": 667
    },
    {
        "bookingid": 668
    },
    {
        "bookingid": 670
    },
    {
        "bookingid": 671
    },
    {
        "bookingid": 672
    },
    {
        "bookingid": 673
    },
    {
        "bookingid": 676
    },
    {
        "bookingid": 677
    },
    {
        "bookingid": 679
    },
    {
        "bookingid": 680
    },
    {
        "bookingid": 681
    },
    {
        "bookingid": 682
    },
    {
        "bookingid": 684
    },
    {
        "bookingid": 686
    },
    {
        "bookingid": 687
    },
    {
        "bookingid": 688
    },
    {
        "bookingid": 690
    },
    {
        "bookingid": 691
    },
    {
        "bookingid": 693
    },
    {
        "bookingid": 695
    },
    {
        "bookingid": 696
    },
    {
        "bookingid": 697
    },
    {
        "bookingid": 698
    },
    {
        "bookingid": 699
    },
    {
        "bookingid": 701
    },
    {
        "bookingid": 703
    },
    {
        "bookingid": 704
    },
    {
        "bookingid": 705
    },
    {
        "bookingid": 706
    },
    {
        "bookingid": 709
    },
    {
        "bookingid": 710
    },
    {
        "bookingid": 713
    },
    {
        "bookingid": 714
    },
    {
        "bookingid": 715
    },
    {
        "bookingid": 716
    },
    {
        "bookingid": 717
    },
    {
        "bookingid": 720
    },
    {
        "bookingid": 721
    },
    {
        "bookingid": 722
    },
    {
        "bookingid": 724
    },
    {
        "bookingid": 725
    },
    {
        "bookingid": 726
    },
    {
        "bookingid": 728
    },
    {
        "bookingid": 729
    },
    {
        "bookingid": 731
    },
    {
        "bookingid": 732
    },
    {
        "bookingid": 734
    },
    {
        "bookingid": 735
    },
    {
        "bookingid": 736
    },
    {
        "bookingid": 738
    },
    {
        "bookingid": 739
    },
    {
        "bookingid": 741
    },
    {
        "bookingid": 742
    },
    {
        "bookingid": 743
    },
    {
        "bookingid": 744
    },
    {
        "bookingid": 745
    },
    {
        "bookingid": 748
    },
    {
        "bookingid": 749
    },
    {
        "bookingid": 750
    },
    {
        "bookingid": 751
    },
    {
        "bookingid": 754
    },
    {
        "bookingid": 755
    },
    {
        "bookingid": 757
    },
    {
        "bookingid": 758
    },
    {
        "bookingid": 760
    },
    {
        "bookingid": 761
    },
    {
        "bookingid": 762
    },
    {
        "bookingid": 764
    },
    {
        "bookingid": 766
    },
    {
        "bookingid": 767
    },
    {
        "bookingid": 768
    },
    {
        "bookingid": 769
    },
    {
        "bookingid": 772
    },
    {
        "bookingid": 773
    },
    {
        "bookingid": 774
    },
    {
        "bookingid": 776
    },
    {
        "bookingid": 777
    },
    {
        "bookingid": 779
    },
    {
        "bookingid": 780
    },
    {
        "bookingid": 781
    },
    {
        "bookingid": 783
    },
    {
        "bookingid": 784
    },
    {
        "bookingid": 787
    },
    {
        "bookingid": 788
    },
    {
        "bookingid": 789
    },
    {
        "bookingid": 790
    },
    {
        "bookingid": 793
    },
    {
        "bookingid": 794
    },
    {
        "bookingid": 795
    },
    {
        "bookingid": 796
    },
    {
        "bookingid": 798
    },
    {
        "bookingid": 800
    },
    {
        "bookingid": 801
    },
    {
        "bookingid": 803
    },
    {
        "bookingid": 804
    },
    {
        "bookingid": 805
    },
    {
        "bookingid": 807
    },
    {
        "bookingid": 808
    },
    {
        "bookingid": 809
    },
    {
        "bookingid": 811
    },
    {
        "bookingid": 812
    },
    {
        "bookingid": 815
    },
    {
        "bookingid": 816
    },
    {
        "bookingid": 817
    },
    {
        "bookingid": 818
    },
    {
        "bookingid": 819
    },
    {
        "bookingid": 820
    },
    {
        "bookingid": 823
    },
    {
        "bookingid": 824
    },
    {
        "bookingid": 825
    },
    {
        "bookingid": 827
    },
    {
        "bookingid": 828
    },
    {
        "bookingid": 829
    },
    {
        "bookingid": 831
    },
    {
        "bookingid": 832
    },
    {
        "bookingid": 833
    },
    {
        "bookingid": 834
    },
    {
        "bookingid": 835
    },
    {
        "bookingid": 838
    },
    {
        "bookingid": 839
    },
    {
        "bookingid": 841
    },
    {
        "bookingid": 842
    },
    {
        "bookingid": 844
    },
    {
        "bookingid": 845
    },
    {
        "bookingid": 847
    },
    {
        "bookingid": 848
    },
    {
        "bookingid": 849
    },
    {
        "bookingid": 850
    },
    {
        "bookingid": 852
    },
    {
        "bookingid": 853
    },
    {
        "bookingid": 854
    },
    {
        "bookingid": 855
    },
    {
        "bookingid": 858
    },
    {
        "bookingid": 859
    },
    {
        "bookingid": 861
    },
    {
        "bookingid": 862
    },
    {
        "bookingid": 863
    },
    {
        "bookingid": 864
    },
    {
        "bookingid": 867
    },
    {
        "bookingid": 868
    },
    {
        "bookingid": 869
    },
    {
        "bookingid": 870
    },
    {
        "bookingid": 871
    },
    {
        "bookingid": 872
    },
    {
        "bookingid": 876
    },
    {
        "bookingid": 877
    },
    {
        "bookingid": 878
    },
    {
        "bookingid": 879
    },
    {
        "bookingid": 882
    },
    {
        "bookingid": 883
    },
    {
        "bookingid": 885
    },
    {
        "bookingid": 886
    },
    {
        "bookingid": 888
    },
    {
        "bookingid": 889
    },
    {
        "bookingid": 890
    },
    {
        "bookingid": 891
    },
    {
        "bookingid": 892
    },
    {
        "bookingid": 895
    },
    {
        "bookingid": 896
    },
    {
        "bookingid": 897
    },
    {
        "bookingid": 898
    },
    {
        "bookingid": 901
    },
    {
        "bookingid": 902
    },
    {
        "bookingid": 903
    },
    {
        "bookingid": 904
    },
    {
        "bookingid": 905
    },
    {
        "bookingid": 907
    },
    {
        "bookingid": 909
    },
    {
        "bookingid": 910
    },
    {
        "bookingid": 911
    },
    {
        "bookingid": 913
    },
    {
        "bookingid": 914
    },
    {
        "bookingid": 915
    },
    {
        "bookingid": 917
    },
    {
        "bookingid": 918
    },
    {
        "bookingid": 919
    },
    {
        "bookingid": 920
    },
    {
        "bookingid": 921
    },
    {
        "bookingid": 925
    },
    {
        "bookingid": 926
    },
    {
        "bookingid": 928
    },
    {
        "bookingid": 929
    },
    {
        "bookingid": 931
    },
    {
        "bookingid": 932
    },
    {
        "bookingid": 933
    },
    {
        "bookingid": 935
    },
    {
        "bookingid": 936
    },
    {
        "bookingid": 937
    },
    {
        "bookingid": 939
    },
    {
        "bookingid": 941
    },
    {
        "bookingid": 942
    },
    {
        "bookingid": 943
    },
    {
        "bookingid": 944
    },
    {
        "bookingid": 945
    },
    {
        "bookingid": 948
    },
    {
        "bookingid": 949
    },
    {
        "bookingid": 950
    },
    {
        "bookingid": 951
    },
    {
        "bookingid": 953
    },
    {
        "bookingid": 955
    },
    {
        "bookingid": 956
    },
    {
        "bookingid": 957
    },
    {
        "bookingid": 958
    },
    {
        "bookingid": 961
    },
    {
        "bookingid": 963
    },
    {
        "bookingid": 964
    },
    {
        "bookingid": 965
    },
    {
        "bookingid": 967
    },
    {
        "bookingid": 968
    },
    {
        "bookingid": 970
    },
    {
        "bookingid": 971
    },
    {
        "bookingid": 973
    },
    {
        "bookingid": 974
    },
    {
        "bookingid": 976
    },
    {
        "bookingid": 978
    },
    {
        "bookingid": 979
    },
    {
        "bookingid": 980
    },
    {
        "bookingid": 982
    },
    {
        "bookingid": 983
    },
    {
        "bookingid": 984
    },
    {
        "bookingid": 986
    },
    {
        "bookingid": 987
    },
    {
        "bookingid": 990
    },
    {
        "bookingid": 991
    },
    {
        "bookingid": 992
    },
    {
        "bookingid": 993
    },
    {
        "bookingid": 995
    },
    {
        "bookingid": 996
    },
    {
        "bookingid": 997
    },
    {
        "bookingid": 999
    },
    {
        "bookingid": 1000
    },
    {
        "bookingid": 1001
    },
    {
        "bookingid": 1002
    },
    {
        "bookingid": 1004
    },
    {
        "bookingid": 1005
    },
    {
        "bookingid": 1007
    },
    {
        "bookingid": 1008
    },
    {
        "bookingid": 1009
    },
    {
        "bookingid": 1010
    },
    {
        "bookingid": 1012
    },
    {
        "bookingid": 1014
    },
    {
        "bookingid": 1015
    },
    {
        "bookingid": 1017
    },
    {
        "bookingid": 1019
    },
    {
        "bookingid": 1020
    },
    {
        "bookingid": 1022
    },
    {
        "bookingid": 1023
    },
    {
        "bookingid": 1025
    },
    {
        "bookingid": 1026
    },
    {
        "bookingid": 1027
    },
    {
        "bookingid": 1028
    },
    {
        "bookingid": 1031
    },
    {
        "bookingid": 1032
    },
    {
        "bookingid": 1033
    },
    {
        "bookingid": 1034
    },
    {
        "bookingid": 1037
    },
    {
        "bookingid": 1038
    },
    {
        "bookingid": 1039
    },
    {
        "bookingid": 1040
    },
    {
        "bookingid": 1041
    },
    {
        "bookingid": 1042
    },
    {
        "bookingid": 1045
    },
    {
        "bookingid": 1046
    },
    {
        "bookingid": 1047
    },
    {
        "bookingid": 1048
    },
    {
        "bookingid": 1050
    },
    {
        "bookingid": 1053
    },
    {
        "bookingid": 1054
    },
    {
        "bookingid": 1055
    },
    {
        "bookingid": 1056
    },
    {
        "bookingid": 1059
    },
    {
        "bookingid": 1060
    },
    {
        "bookingid": 1062
    },
    {
        "bookingid": 1063
    },
    {
        "bookingid": 1065
    },
    {
        "bookingid": 1066
    },
    {
        "bookingid": 1067
    },
    {
        "bookingid": 1068
    },
    {
        "bookingid": 1071
    },
    {
        "bookingid": 1072
    },
    {
        "bookingid": 1073
    },
    {
        "bookingid": 1074
    },
    {
        "bookingid": 1077
    },
    {
        "bookingid": 1078
    },
    {
        "bookingid": 1079
    },
    {
        "bookingid": 1080
    },
    {
        "bookingid": 1081
    },
    {
        "bookingid": 1082
    },
    {
        "bookingid": 1084
    },
    {
        "bookingid": 1086
    },
    {
        "bookingid": 1087
    },
    {
        "bookingid": 1089
    },
    {
        "bookingid": 1090
    },
    {
        "bookingid": 1091
    },
    {
        "bookingid": 1093
    },
    {
        "bookingid": 1094
    },
    {
        "bookingid": 1095
    },
    {
        "bookingid": 1097
    },
    {
        "bookingid": 1098
    },
    {
        "bookingid": 1100
    },
    {
        "bookingid": 1102
    },
    {
        "bookingid": 1103
    },
    {
        "bookingid": 1105
    },
    {
        "bookingid": 1106
    },
    {
        "bookingid": 1108
    },
    {
        "bookingid": 1109
    },
    {
        "bookingid": 1110
    },
    {
        "bookingid": 1111
    },
    {
        "bookingid": 1114
    },
    {
        "bookingid": 1115
    },
    {
        "bookingid": 1117
    },
    {
        "bookingid": 1118
    },
    {
        "bookingid": 1119
    },
    {
        "bookingid": 1120
    },
    {
        "bookingid": 1123
    },
    {
        "bookingid": 1124
    },
    {
        "bookingid": 1125
    },
    {
        "bookingid": 1126
    },
    {
        "bookingid": 1127
    },
    {
        "bookingid": 1128
    },
    {
        "bookingid": 1132
    },
    {
        "bookingid": 1133
    },
    {
        "bookingid": 1134
    },
    {
        "bookingid": 1135
    },
    {
        "bookingid": 1138
    },
    {
        "bookingid": 1139
    },
    {
        "bookingid": 1140
    },
    {
        "bookingid": 1141
    },
    {
        "bookingid": 1142
    },
    {
        "bookingid": 1145
    },
    {
        "bookingid": 1146
    },
    {
        "bookingid": 1147
    },
    {
        "bookingid": 1149
    },
    {
        "bookingid": 1150
    },
    {
        "bookingid": 1151
    },
    {
        "bookingid": 1153
    },
    {
        "bookingid": 1154
    },
    {
        "bookingid": 1155
    },
    {
        "bookingid": 1157
    },
    {
        "bookingid": 1158
    },
    {
        "bookingid": 1161
    },
    {
        "bookingid": 1162
    },
    {
        "bookingid": 1163
    },
    {
        "bookingid": 1165
    },
    {
        "bookingid": 1166
    },
    {
        "bookingid": 1167
    },
    {
        "bookingid": 1168
    },
    {
        "bookingid": 1169
    },
    {
        "bookingid": 1171
    },
    {
        "bookingid": 1173
    },
    {
        "bookingid": 1174
    },
    {
        "bookingid": 1176
    },
    {
        "bookingid": 1177
    },
    {
        "bookingid": 1178
    },
    {
        "bookingid": 1179
    },
    {
        "bookingid": 1180
    },
    {
        "bookingid": 1183
    },
    {
        "bookingid": 1184
    },
    {
        "bookingid": 1185
    },
    {
        "bookingid": 1187
    },
    {
        "bookingid": 1188
    },
    {
        "bookingid": 1189
    },
    {
        "bookingid": 1191
    },
    {
        "bookingid": 1192
    },
    {
        "bookingid": 1194
    },
    {
        "bookingid": 1195
    },
    {
        "bookingid": 1197
    },
    {
        "bookingid": 1198
    },
    {
        "bookingid": 1199
    },
    {
        "bookingid": 1200
    },
    {
        "bookingid": 1203
    },
    {
        "bookingid": 1204
    },
    {
        "bookingid": 1205
    },
    {
        "bookingid": 1206
    },
    {
        "bookingid": 1209
    },
    {
        "bookingid": 1210
    },
    {
        "bookingid": 1211
    },
    {
        "bookingid": 1212
    },
    {
        "bookingid": 1213
    },
    {
        "bookingid": 1216
    },
    {
        "bookingid": 1218
    },
    {
        "bookingid": 1219
    },
    {
        "bookingid": 1220
    },
    {
        "bookingid": 1221
    },
    {
        "bookingid": 1224
    },
    {
        "bookingid": 1225
    },
    {
        "bookingid": 1226
    },
    {
        "bookingid": 1227
    },
    {
        "bookingid": 1230
    },
    {
        "bookingid": 1231
    },
    {
        "bookingid": 1232
    },
    {
        "bookingid": 1233
    },
    {
        "bookingid": 1234
    },
    {
        "bookingid": 1237
    },
    {
        "bookingid": 1238
    },
    {
        "bookingid": 1240
    },
    {
        "bookingid": 1241
    },
    {
        "bookingid": 1242
    },
    {
        "bookingid": 1243
    },
    {
        "bookingid": 1246
    },
    {
        "bookingid": 1247
    },
    {
        "bookingid": 1248
    },
    {
        "bookingid": 1249
    },
    {
        "bookingid": 1252
    },
    {
        "bookingid": 1253
    },
    {
        "bookingid": 1254
    },
    {
        "bookingid": 1255
    },
    {
        "bookingid": 1257
    },
    {
        "bookingid": 1258
    },
    {
        "bookingid": 1260
    },
    {
        "bookingid": 1261
    },
    {
        "bookingid": 1262
    },
    {
        "bookingid": 1264
    },
    {
        "bookingid": 1265
    },
    {
        "bookingid": 1267
    },
    {
        "bookingid": 1268
    },
    {
        "bookingid": 1269
    },
    {
        "bookingid": 1271
    },
    {
        "bookingid": 1272
    },
    {
        "bookingid": 1274
    },
    {
        "bookingid": 1276
    },
    {
        "bookingid": 1277
    },
    {
        "bookingid": 1279
    },
    {
        "bookingid": 1280
    },
    {
        "bookingid": 1281
    },
    {
        "bookingid": 1283
    },
    {
        "bookingid": 1284
    },
    {
        "bookingid": 1286
    },
    {
        "bookingid": 1287
    },
    {
        "bookingid": 1288
    },
    {
        "bookingid": 1289
    },
    {
        "bookingid": 1291
    },
    {
        "bookingid": 1292
    },
    {
        "bookingid": 1294
    },
    {
        "bookingid": 1295
    },
    {
        "bookingid": 1296
    },
    {
        "bookingid": 1299
    },
    {
        "bookingid": 1300
    },
    {
        "bookingid": 1301
    },
    {
        "bookingid": 1302
    },
    {
        "bookingid": 1303
    },
    {
        "bookingid": 1304
    },
    {
        "bookingid": 1308
    },
    {
        "bookingid": 1309
    },
    {
        "bookingid": 1310
    },
    {
        "bookingid": 1311
    },
    {
        "bookingid": 1314
    },
    {
        "bookingid": 1315
    },
    {
        "bookingid": 1316
    },
    {
        "bookingid": 1317
    },
    {
        "bookingid": 1320
    },
    {
        "bookingid": 1321
    },
    {
        "bookingid": 1323
    },
    {
        "bookingid": 1324
    },
    {
        "bookingid": 1325
    },
    {
        "bookingid": 1327
    },
    {
        "bookingid": 1328
    },
    {
        "bookingid": 1329
    },
    {
        "bookingid": 1330
    },
    {
        "bookingid": 1331
    },
    {
        "bookingid": 1333
    },
    {
        "bookingid": 1336
    },
    {
        "bookingid": 1337
    },
    {
        "bookingid": 1338
    },
    {
        "bookingid": 1340
    },
    {
        "bookingid": 1341
    },
    {
        "bookingid": 1343
    },
    {
        "bookingid": 1344
    },
    {
        "bookingid": 1345
    },
    {
        "bookingid": 1346
    },
    {
        "bookingid": 1348
    },
    {
        "bookingid": 1349
    },
    {
        "bookingid": 1351
    },
    {
        "bookingid": 1352
    },
    {
        "bookingid": 1353
    },
    {
        "bookingid": 1355
    },
    {
        "bookingid": 1356
    },
    {
        "bookingid": 1357
    },
    {
        "bookingid": 1359
    },
    {
        "bookingid": 1360
    },
    {
        "bookingid": 1363
    },
    {
        "bookingid": 1364
    },
    {
        "bookingid": 1366
    },
    {
        "bookingid": 1367
    },
    {
        "bookingid": 1369
    },
    {
        "bookingid": 1370
    },
    {
        "bookingid": 1371
    },
    {
        "bookingid": 1372
    },
    {
        "bookingid": 1375
    },
    {
        "bookingid": 1376
    },
    {
        "bookingid": 1378
    },
    {
        "bookingid": 1379
    },
    {
        "bookingid": 1381
    },
    {
        "bookingid": 1382
    },
    {
        "bookingid": 1383
    },
    {
        "bookingid": 1384
    },
    {
        "bookingid": 1385
    },
    {
        "bookingid": 1386
    },
    {
        "bookingid": 1390
    },
    {
        "bookingid": 1391
    },
    {
        "bookingid": 1392
    },
    {
        "bookingid": 1393
    },
    {
        "bookingid": 1396
    },
    {
        "bookingid": 1397
    },
    {
        "bookingid": 1398
    },
    {
        "bookingid": 1399
    },
    {
        "bookingid": 1401
    },
    {
        "bookingid": 1403
    },
    {
        "bookingid": 1404
    },
    {
        "bookingid": 1405
    },
    {
        "bookingid": 1407
    },
    {
        "bookingid": 1408
    },
    {
        "bookingid": 1410
    }
]
]]></system-out>
    <system-err><![CDATA[SLF4J: Failed to load class "org.slf4j.impl.StaticLoggerBinder".
SLF4J: Defaulting to no-operation (NOP) logger implementation
SLF4J: See http://www.slf4j.org/codes.html#StaticLoggerBinder for further details.
]]></system-err>
  </testcase>
</testsuite>